
> sps-delegate-dom@0.1.0 serve
> webpack serve "--env" "WEBSOCKET_URL=wss://sps.tenant-palatial-platform.lga1.ingress.coreweave.cloud/epic/ws" "--port" "6223"

asset index.957904bd5b71248efd4d.js 3.01 MiB [emitted] [immutable] (name: index)
asset index.css 1.23 MiB [emitted] (name: index)
asset index.html 19.6 KiB [emitted]
Entrypoint index 4.25 MiB = index.css 1.23 MiB index.957904bd5b71248efd4d.js 3.01 MiB
runtime modules 30.2 KiB 14 modules
javascript modules 1.11 MiB 93 modules
css modules 280 KiB
  css ./node_modules/css-loader/dist/cjs.js!./node_modules/bootstrap/dist/css/bootstrap.min.css 159 KiB [built] [code generated]
  css ./node_modules/css-loader/dist/cjs.js!./node_modules/bootstrap/dist/css/bootstrap-grid.min.css 50.1 KiB [built] [code generated]
  css ./node_modules/css-loader/dist/cjs.js!./node_modules/bootstrap/dist/css/bootstrap-reboot.min.css 4.54 KiB [built] [code generated]
  css ./node_modules/css-loader/dist/cjs.js!./node_modules/bootstrap/dist/css/bootstrap-utilities.min.css 52.2 KiB [built] [code generated]
  css ./node_modules/css-loader/dist/cjs.js!./src/assets/css/player.css 13.5 KiB [built] [code generated]
webpack 5.76.3 compiled successfully in 29842 ms
assets by status 1.23 MiB [cached] 1 asset
assets by info 3.01 MiB [immutable]
  asset index.76fc603ac00b0435625b.js 3.01 MiB [emitted] [immutable] (name: index)
  asset index.bea434b542afd57f6d59.hot-update.js 2.05 KiB [emitted] [immutable] [hmr] (name: index)
  asset index.bea434b542afd57f6d59.hot-update.json 29 bytes [emitted] [immutable] [hmr]
asset index.html 19.6 KiB [emitted]
Entrypoint index 4.25 MiB = index.css 1.23 MiB index.76fc603ac00b0435625b.js 3.01 MiB index.bea434b542afd57f6d59.hot-update.js 2.05 KiB
cached modules 1.11 MiB (javascript) 266 KiB (css/mini-extract) [cached] 96 modules
runtime modules 30.2 KiB 14 modules
modules by layer 355 bytes (javascript) 13.5 KiB (css/mini-extract)
  ./src/assets/css/player.css 355 bytes [built] [code generated]
  css ./node_modules/css-loader/dist/cjs.js!./src/assets/css/player.css 13.5 KiB [built]
webpack 5.76.3 compiled successfully in 1449 ms
assets by status 1.23 MiB [cached] 1 asset
assets by info 3.01 MiB [immutable]
  asset index.79e9741279d32a34f89e.js 3.01 MiB [emitted] [immutable] (name: index)
  asset index.110ef10151e6aff76c77.hot-update.js 2.05 KiB [emitted] [immutable] [hmr] (name: index)
  asset index.110ef10151e6aff76c77.hot-update.json 29 bytes [emitted] [immutable] [hmr]
asset index.html 19.6 KiB [emitted]
Entrypoint index 4.25 MiB = index.css 1.23 MiB index.79e9741279d32a34f89e.js 3.01 MiB index.110ef10151e6aff76c77.hot-update.js 2.05 KiB
cached modules 1.11 MiB (javascript) 266 KiB (css/mini-extract) [cached] 96 modules
runtime modules 30.2 KiB 14 modules
modules by layer 355 bytes (javascript) 13.5 KiB (css/mini-extract)
  ./src/assets/css/player.css 355 bytes [built] [code generated]
  css ./node_modules/css-loader/dist/cjs.js!./src/assets/css/player.css 13.5 KiB [built]
webpack 5.76.3 compiled successfully in 1087 ms
