<i> [webpack-dev-server] Project is running at:
<i> [webpack-dev-server] Loopback: http://localhost:1212/
<i> [webpack-dev-server] Content not from webpack is served from '/home/david/Frontend/delegates/dom/public' directory
<i> [webpack-dev-server] Gracefully shutting down. To force exit, press ^C again. Please wait...
READ_WRITE (/home/david/Frontend/delegates/dom/node_modules/webpack-dev-server/lib/Server.js:3260:23)
    at new Promise (<anonymous>)
    at Server.start (/home/david/Frontend/delegates/dom/node_modules/webpack-dev-server/lib/Server.js:3258:7)
    at async Command.<anonymous> (/home/david/Frontend/delegates/dom/node_modules/@webpack-cli/serve/lib/index.js:244:25)
    at async Promise.all (index 1)
    at async Command.<anonymous> (/home/david/Frontend/delegates/dom/node_modules/webpack-cli/lib/webpack-cli.js:1516:13) {
  code: 'EADDRINUSE',
  errno: 'EADDRINUSE',
  syscall: 'listen',
  address: '::',
  port: 1212
}
_NOT_FOUND',
  requireStack: [
    '/usr/share/nodejs/npm/lib/utils/unsupported.js',
    '/usr/share/nodejs/npm/lib/cli.js',
    '/usr/share/nodejs/npm/bin/npm-cli.js'
  ]
}

Node.js v18.15.0
