
> sps-delegate-dom@0.1.0 serve
> webpack serve --env WEBSOCKET_URL=wss://sps.tenant-palatial-platform.lga1.ingress.coreweave.cloud/banyan/ws --port 1122

asset index.ac7d7ef4a1671ecb42f3.js 3.13 MiB [emitted] [immutable] (name: index)
asset index.css 1.42 MiB [emitted] (name: index)
asset index.html 24.3 KiB [emitted]
Entrypoint index 4.54 MiB = index.css 1.42 MiB index.ac7d7ef4a1671ecb42f3.js 3.13 MiB
runtime modules 96.5 KiB 55 modules
orphan modules 1.28 MiB [orphan] 24 modules
javascript modules 1.15 MiB 97 modules
css modules 320 KiB
  css ./node_modules/css-loader/dist/cjs.js!./node_modules/bootstrap/dist/css/bootstrap.min.css 191 KiB [built] [code generated]
  css ./node_modules/css-loader/dist/cjs.js!./node_modules/bootstrap/dist/css/bootstrap-grid.min.css 52 KiB [built] [code generated]
  css ./node_modules/css-loader/dist/cjs.js!./node_modules/bootstrap/dist/css/bootstrap-reboot.min.css 6.34 KiB [built] [code generated]
  css ./node_modules/css-loader/dist/cjs.js!./node_modules/bootstrap/dist/css/bootstrap-utilities.min.css 56.9 KiB [built] [code generated]
  css ./node_modules/css-loader/dist/cjs.js!./src/assets/css/player.css 13.8 KiB [built] [code generated]

ERROR in /home/david/Frontend/delegates/dom/src/NativeDOMDelegate.ts
./src/NativeDOMDelegate.ts 457:22-27
[tsl] ERROR in /home/david/Frontend/delegates/dom/src/NativeDOMDelegate.ts(457,23)
      TS2304: Cannot find name 'https'.
 @ ./src/index.ts 31:28-58

ERROR in /home/david/Frontend/delegates/dom/src/NativeDOMDelegate.ts
./src/NativeDOMDelegate.ts 458:14-17
[tsl] ERROR in /home/david/Frontend/delegates/dom/src/NativeDOMDelegate.ts(458,15)
      TS7006: Parameter 'res' implicitly has an 'any' type.
 @ ./src/index.ts 31:28-58

ERROR in /home/david/Frontend/delegates/dom/src/NativeDOMDelegate.ts
./src/NativeDOMDelegate.ts 462:34-35
[tsl] ERROR in /home/david/Frontend/delegates/dom/src/NativeDOMDelegate.ts(462,35)
      TS7006: Parameter 'd' implicitly has an 'any' type.
 @ ./src/index.ts 31:28-58

ERROR in /home/david/Frontend/delegates/dom/src/NativeDOMDelegate.ts
./src/NativeDOMDelegate.ts 467:27-32
[tsl] ERROR in /home/david/Frontend/delegates/dom/src/NativeDOMDelegate.ts(467,28)
      TS7006: Parameter 'error' implicitly has an 'any' type.
 @ ./src/index.ts 31:28-58

4 errors have detailed information that is not shown.
Use 'stats.errorDetails: true' resp. '--stats-error-details' to show it.

webpack 5.81.0 compiled with 4 errors in 7597 ms
assets by status 1.42 MiB [cached] 1 asset
assets by info 4.45 MiB [immutable]
  asset index.da7a8e68d10662441809.js 3.73 MiB [emitted] [immutable] (name: index)
  asset index.ccd5c8c73828be81dc12.hot-update.js 740 KiB [emitted] [immutable] [hmr] (name: index)
  asset index.ccd5c8c73828be81dc12.hot-update.json 29 bytes [emitted] [immutable] [hmr]
asset index.html 24.3 KiB [emitted]
Entrypoint index 5.87 MiB = index.css 1.42 MiB index.da7a8e68d10662441809.js 3.73 MiB index.ccd5c8c73828be81dc12.hot-update.js 740 KiB
cached modules 1.1 MiB (javascript) 320 KiB (css/mini-extract) [cached] 100 modules
runtime modules 30.5 KiB 15 modules
javascript modules 284 KiB
  modules by path ./node_modules/ 226 KiB
    modules by path ./node_modules/readable-stream/ 97.1 KiB 15 modules
    modules by path ./node_modules/stream-http/ 17.5 KiB 4 modules
    modules by path ./node_modules/url/ 37.4 KiB 3 modules
    modules by path ./node_modules/querystring/*.js 4.51 KiB 3 modules
    + 10 modules
  modules by path ./src/*.ts 58.1 KiB
    ./src/index.ts 8.54 KiB [built] [code generated]
    ./src/NativeDOMDelegate.ts 49.6 KiB [built] [code generated]
  util (ignored) 15 bytes [built] [code generated]
  util (ignored) 15 bytes [built] [code generated]
webpack 5.81.0 compiled successfully in 1629 ms
assets by status 5.14 MiB [cached] 2 assets
asset index.html 24.3 KiB [emitted]
Entrypoint index 5.14 MiB = index.css 1.42 MiB index.da7a8e68d10662441809.js 3.73 MiB
cached modules 1.32 MiB (javascript) 320 KiB (css/mini-extract) 30.5 KiB (runtime) [cached] 152 modules
javascript modules 58.1 KiB
  ./src/index.ts 8.54 KiB [built]
  ./src/NativeDOMDelegate.ts 49.6 KiB [built]
webpack 5.81.0 compiled successfully in 334 ms
assets by status 1.42 MiB [cached] 1 asset
assets by info 3.85 MiB [immutable]
  asset index.c4f04798f4085926ecfc.js 3.73 MiB [emitted] [immutable] (name: index)
  asset index.9637fd48e803ccdd1198.hot-update.js 127 KiB [emitted] [immutable] [hmr] (name: index)
  asset index.9637fd48e803ccdd1198.hot-update.json 29 bytes [emitted] [immutable] [hmr]
asset index.html 24.3 KiB [emitted]
Entrypoint index 5.27 MiB = index.css 1.42 MiB index.c4f04798f4085926ecfc.js 3.73 MiB index.9637fd48e803ccdd1198.hot-update.js 127 KiB
cached modules 1.32 MiB (javascript) 320 KiB (css/mini-extract) [cached] 137 modules
runtime modules 30.5 KiB 15 modules
javascript modules 58.1 KiB
  ./src/index.ts 8.54 KiB [built] [code generated]
  ./src/NativeDOMDelegate.ts 49.6 KiB [built] [code generated]
webpack 5.81.0 compiled successfully in 1043 ms
